{
  "stats": {
    "suites": 2,
    "tests": 3,
    "passes": 2,
    "pending": 0,
    "failures": 1,
    "start": "2022-02-08T01:53:54.768Z",
    "end": "2022-02-08T01:54:05.334Z",
    "duration": 10566,
    "testsRegistered": 3,
    "passPercent": 66.66666666666666,
    "pendingPercent": 0,
    "other": 0,
    "hasOther": false,
    "skipped": 0,
    "hasSkipped": false
  },
  "results": [
    {
      "uuid": "7b021cbc-8673-43ee-8baf-c869400f53d7",
      "title": "",
      "fullFile": "",
      "file": "",
      "beforeHooks": [],
      "afterHooks": [],
      "tests": [],
      "suites": [
        {
          "uuid": "ec43a557-8106-4411-a23e-cec9a8be25fb",
          "title": "add todo tests",
          "fullFile": "C:\\Users\\omkar\\OneDrive\\Desktop\\seleniumDemo\\test\\firstTest.js",
          "file": "\\test\\firstTest.js",
          "beforeHooks": [],
          "afterHooks": [],
          "tests": [
            {
              "title": "successfully adds a todo to application",
              "fullTitle": "add todo tests successfully adds a todo to application",
              "timedOut": null,
              "duration": 6129,
              "state": "passed",
              "speed": "slow",
              "pass": true,
              "fail": false,
              "pending": false,
              "context": null,
              "code": "//launch the browser \n        let driver = await new Builder().forBrowser(\"firefox\").build();\n      \n        //navigate to our application\n        await driver.get(\"https://lambdatest.github.io/sample-todo-app/\");\n        //add a todo \n        await driver.findElement(By.id(\"sampletodotext\")).sendKeys(\"Learn Selenium\", Key.RETURN);\n        //assert\n        let todoText = await driver.findElement(By.xpath(\"//li[last()]\")).getText().then(function (value) {\n            return value\n        });\n        //assert using chai should \n        todoText.should.equal(\"Learn Selenium\");\n        // close the browser \n        await driver.quit();",
              "err": {},
              "uuid": "3490cbbb-3e81-49c1-a90f-284013989af5",
              "parentUUID": null,
              "isHook": false,
              "skipped": false
            }
          ],
          "suites": [],
          "passes": [
            "3490cbbb-3e81-49c1-a90f-284013989af5"
          ],
          "failures": [],
          "pending": [],
          "skipped": [],
          "duration": 6129,
          "root": false,
          "rootEmpty": false,
          "_timeout": null
        },
        {
          "uuid": "8da95676-7220-43e5-aa18-7d3f92d508a3",
          "title": "add another todo tests",
          "fullFile": "C:\\Users\\omkar\\OneDrive\\Desktop\\seleniumDemo\\test\\secondTest.js",
          "file": "\\test\\secondTest.js",
          "beforeHooks": [],
          "afterHooks": [],
          "tests": [
            {
              "title": "successfully adds another todo to application",
              "fullTitle": "add another todo tests successfully adds another todo to application",
              "timedOut": null,
              "duration": 5674,
              "state": "passed",
              "speed": "slow",
              "pass": true,
              "fail": false,
              "pending": false,
              "context": null,
              "code": "//launch the browser \n        let driver = await new Builder().forBrowser(\"firefox\").build();\n      \n        //navigate to our application\n        await driver.get(\"https://lambdatest.github.io/sample-todo-app/\");\n        //add a todo \n        await driver.findElement(By.id(\"sampletodotext\")).sendKeys(\"Learn Selenium\", Key.RETURN);\n        //assert\n        let todoText = await driver.findElement(By.xpath(\"//li[last()]\")).getText().then(function (value) {\n            return value\n        });\n        //assert using chai should \n        todoText.should.equal(\"Learn Selenium\");\n        // close the browser \n        await driver.quit();",
              "err": {},
              "uuid": "ad598958-4403-4f8a-9b3c-fd0db6e07146",
              "parentUUID": null,
              "isHook": false,
              "skipped": false
            },
            {
              "title": "Adding a new test for reporting",
              "fullTitle": "add another todo tests Adding a new test for reporting",
              "timedOut": null,
              "duration": 4415,
              "state": "failed",
              "speed": null,
              "pass": false,
              "fail": true,
              "pending": false,
              "context": null,
              "code": "//launch the browser \n        let driver = await new Builder().forBrowser(\"firefox\").build();\n      \n        //navigate to our application\n        await driver.get(\"https://lambdatest.github.io/sample-todo-app/\");\n        //add a todo \n        await driver.findElement(By.id(\"sampletodotext\")).sendKeys(\"Learn Selenium\", Key.RETURN);\n        //assert\n        let todoText = await driver.findElement(By.xpath(\"//li[last()]\")).getText().then(function (value) {\n            return value\n        });\n        //assert using chai should \n        todoText.should.equal(\"Learn JavaScript\");\n        // close the browser \n        await driver.quit();",
              "err": {
                "message": "AssertionError: expected 'Learn Selenium' to equal 'Learn JavaScript'",
                "estack": "AssertionError: expected 'Learn Selenium' to equal 'Learn JavaScript'\n    at Context.<anonymous> (test\\secondTest.js:51:25)\n    at processTicksAndRejections (node:internal/process/task_queues:96:5)",
                "diff": "- Learn Selenium\n+ Learn JavaScript\n"
              },
              "uuid": "025b4ca1-3616-4b78-936f-dee1008372ec",
              "parentUUID": null,
              "isHook": false,
              "skipped": false
            }
          ],
          "suites": [],
          "passes": [
            "ad598958-4403-4f8a-9b3c-fd0db6e07146"
          ],
          "failures": [
            "025b4ca1-3616-4b78-936f-dee1008372ec"
          ],
          "pending": [],
          "skipped": [],
          "duration": 10089,
          "root": false,
          "rootEmpty": false,
          "_timeout": null
        }
      ],
      "passes": [],
      "failures": [],
      "pending": [],
      "skipped": [],
      "duration": 0,
      "root": true,
      "rootEmpty": true,
      "_timeout": 0
    }
  ],
  "meta": {
    "mocha": {
      "version": "9.2.0"
    },
    "mochawesome": {
      "options": {
        "quiet": false,
        "reportFilename": "mochawesome",
        "saveHtml": true,
        "saveJson": true,
        "consoleReporter": "spec",
        "useInlineDiffs": false,
        "code": true
      },
      "version": "7.0.1"
    },
    "marge": {
      "options": null,
      "version": "6.0.1"
    }
  }
}